[ 2023-06-07 17:17:56,732 ] 23 root - INFO - Data Ingestion methods Starts
[ 2023-06-07 17:17:56,750 ] 28 root - INFO - Dataset read as pandas Dataframe
[ 2023-06-07 17:17:56,795 ] 38 root - INFO - Train test split completed
[ 2023-06-07 17:17:56,832 ] 41 root - INFO - Ingestion of Data is completed
[ 2023-06-07 17:17:56,840 ] 79 root - INFO - Read train and test data completed
[ 2023-06-07 17:17:56,846 ] 80 root - INFO - Train Dataframe Head : 
         filename       tempo  beats  chroma_stft      rmse  spectral_centroid  spectral_bandwidth      rolloff  zero_crossing_rate       mfcc1       mfcc2      mfcc3      mfcc4      mfcc5      mfcc6      mfcc7      mfcc8      mfcc9     mfcc10     mfcc11     mfcc12     mfcc13    mfcc14    mfcc15    mfcc16     mfcc17     mfcc18     mfcc19     mfcc20  label
0  blues.00081.au  103.359375     50     0.380260  0.248262        2116.942959         1956.611056  4196.107960            0.127272  -26.929785  107.334008 -46.809993  40.932634 -21.463776  24.816275 -18.945571  15.253459 -15.050104  12.262823 -15.234050  14.336612 -13.821769  7.562789 -6.181372  0.330165  -6.829571   0.965922  -7.570825   2.918987  blues
1  blues.00022.au   95.703125     44     0.306451  0.113475        1156.070496         1497.668176  2170.053545            0.058613 -233.860772  136.170239   3.289490  48.931193   8.699106  13.954752   5.359449   0.381334 -13.490265  16.871769   5.145258  -2.250578   3.959198  5.322555  0.812028 -1.107202  -4.556555  -2.436490   3.316913  -0.608485  blues
2  blues.00031.au  151.999081     75     0.253487  0.151571        1331.073970         1973.643437  2900.174130            0.042967 -221.802549  110.843070  18.620984  30.922996   3.291330  22.587447 -20.418303  12.120995 -26.347956  -4.356270 -26.406674 -13.037723 -12.652228 -1.821905 -7.260097 -6.660252 -14.682694 -11.719264 -11.025216 -13.387260  blues
3  blues.00012.au  184.570312     91     0.269320  0.119072        1361.045467         1567.804596  2739.625101            0.069124 -207.208080  132.799175 -15.438986  60.986727   0.725807  12.437828   1.183836  -1.540779 -17.888154   8.358496  -2.452068  -0.613248   0.384877  2.605128 -5.188924 -9.527455  -9.244394  -2.848274  -1.418707  -5.932607  blues
4  blues.00056.au  161.499023     74     0.391059  0.137728        1811.076084         2052.332563  3927.809582            0.075480 -145.434568  102.829023 -12.517677  56.993472   2.271347  26.591402  -4.274803  17.338809  -7.985593  15.235427  -6.934599   7.457218 -10.470444 -2.360483 -6.783623  2.671134  -4.760879  -0.949005   0.024832  -2.005315  blues
[ 2023-06-07 17:17:56,850 ] 81 root - INFO - Test Dataframe Head  : 
       filename       tempo  beats  chroma_stft      rmse  spectral_centroid  spectral_bandwidth      rolloff  zero_crossing_rate       mfcc1      mfcc2      mfcc3      mfcc4      mfcc5     mfcc6     mfcc7     mfcc8     mfcc9    mfcc10    mfcc11    mfcc12    mfcc13    mfcc14    mfcc15    mfcc16    mfcc17    mfcc18    mfcc19    mfcc20  label
0  pop.00024.au  117.453835     57     0.410990  0.207584        3301.781785         3175.656592  7302.597509            0.144527  -40.802069  61.522054   9.868217  10.097928   8.456293  5.367917  8.377963  3.506944  8.253806  5.883242 -0.101842 -0.568772  0.552448 -1.981371  1.915755  0.076505 -1.270496  1.233082  1.493700  0.949931      1
1  pop.00099.au   78.302557     38     0.360462  0.138195        2765.747194         3222.713605  6873.391771            0.096015 -119.320605  85.941142  33.884536   9.990760  17.699190  0.516018  9.563375 -5.300430  4.168149  8.118337 -7.978898  1.566938 -2.932391 -1.609138 -0.200545 -2.429376  1.207988  5.848729  1.609469  7.580263      1
2  pop.00009.au  107.666016     50     0.454810  0.159711        3279.877315         3026.391118  6953.099622            0.172819  -35.277026  61.242109  14.066686  28.671014   4.330269 -1.355581 -0.792499  5.127178  5.358480  1.224073 -7.257869 -0.518891  0.212918 -1.294660 -0.105626 -1.245879 -2.528455  0.571032  1.569434 -1.724873      1
3  pop.00078.au  103.359375     52     0.454698  0.223419        3124.176350         2970.320532  6618.134981            0.142721  -42.757179  62.799474   4.760057  24.067691   9.642907 -1.888094  9.257873 -2.969175  3.182204  5.934099 -4.773778  3.020176 -1.242321 -3.524069 -0.325165 -1.443294 -1.864617 -0.031307 -0.729631 -0.987611      1
4  pop.00037.au  103.359375     51     0.451668  0.240985        3236.413205         2953.596262  6698.776160            0.164825    4.821123  64.495215  -2.505614  10.421444   3.245572  7.824910  3.103712  1.405171  6.745286  4.886029  3.275973  1.753352  3.336132  2.352307  1.428845 -0.604926 -2.185691 -1.602394 -0.612146 -4.050126      1
[ 2023-06-07 17:17:56,851 ] 30 root - INFO - Data Transformation initiated
[ 2023-06-07 17:17:56,851 ] 42 root - INFO - Pipeline Initiated
[ 2023-06-07 17:17:56,851 ] 65 root - INFO - Pipeline Completed
[ 2023-06-07 17:17:56,851 ] 85 root - INFO - Obtained preprocessing object
[ 2023-06-07 17:17:56,859 ] 128 root - INFO - Exception occurred in the initiate_data-transformation
