[ 2023-06-07 17:28:15,676 ] 23 root - INFO - Data Ingestion methods Starts
[ 2023-06-07 17:28:15,692 ] 29 root - INFO - Dataset read as pandas Dataframe
[ 2023-06-07 17:28:15,730 ] 39 root - INFO - Train test split completed
[ 2023-06-07 17:28:15,767 ] 42 root - INFO - Ingestion of Data is completed
[ 2023-06-07 17:28:15,776 ] 79 root - INFO - Read train and test data completed
[ 2023-06-07 17:28:15,782 ] 80 root - INFO - Train Dataframe Head : 
          filename       tempo  beats  chroma_stft      rmse  spectral_centroid  spectral_bandwidth      rolloff  zero_crossing_rate       mfcc1       mfcc2      mfcc3      mfcc4      mfcc5      mfcc6      mfcc7      mfcc8      mfcc9     mfcc10     mfcc11    mfcc12     mfcc13    mfcc14    mfcc15    mfcc16     mfcc17    mfcc18     mfcc19    mfcc20   label
0    jazz.00084.au  123.046875     61     0.392974  0.051659        2874.646194         2802.538747  6138.062884            0.118338 -178.064125   61.944719   1.467996  36.044768   7.581289   5.155937  -0.916041   2.942951   1.447915   2.132668   5.169692  2.025911   0.510262  6.527839  2.604580  4.857150   7.935830  4.531667  -1.605698  3.730919    jazz
1     pop.00047.au  112.347147     53     0.433487  0.215937        3150.247439         3220.167078  7292.222572            0.127355  -45.055029   69.765294  11.874173   8.199662  12.614831   7.752066  11.302968   0.246546   9.659887   2.811098   3.857668 -0.837510   2.121588  1.126969  0.007490  0.762866  -1.476882  3.654368   4.453744  4.202002     pop
2     pop.00087.au  103.359375     50     0.352268  0.190992        3587.403428         3336.238278  7946.976946            0.146478  -47.028424   55.779344  27.619311  19.197857  15.188835   3.174949   5.625667   1.610668   4.149259   1.622918  -1.583768 -3.003377  -7.637130 -3.844120 -8.116399 -3.369991  -2.270280  4.505538   1.437673 -0.385947     pop
3   metal.00062.au  117.453835     58     0.456040  0.097612        2269.141394         1928.799479  4186.416352            0.137381 -100.400221  104.691589 -57.258439  56.592108  -5.540048  22.836278  -6.168935  23.093271 -19.070566  17.796036 -13.764607  9.963104 -14.849633  0.346066 -7.327095  6.979448 -12.664924 -0.557887 -11.755469 -1.539930   metal
4  hiphop.00047.au   95.703125     46     0.449395  0.247183        3236.163102         3272.126089  7338.447292            0.109357  -76.620463   52.771495  34.636140  26.188982  16.667570  11.355079   5.858465   6.904375   3.663676  -0.960465   3.874737  4.484008   0.630945  5.429071  4.193201  0.815080   1.633873  0.695423  -2.806931 -3.410054  hiphop
[ 2023-06-07 17:28:15,786 ] 81 root - INFO - Test Dataframe Head  : 
       filename       tempo  beats  chroma_stft      rmse  spectral_centroid  spectral_bandwidth      rolloff  zero_crossing_rate       mfcc1      mfcc2      mfcc3      mfcc4      mfcc5     mfcc6     mfcc7     mfcc8     mfcc9    mfcc10    mfcc11    mfcc12    mfcc13    mfcc14    mfcc15    mfcc16    mfcc17    mfcc18    mfcc19    mfcc20  label
0  pop.00024.au  117.453835     57     0.410990  0.207584        3301.781785         3175.656592  7302.597509            0.144527  -40.802069  61.522054   9.868217  10.097928   8.456293  5.367917  8.377963  3.506944  8.253806  5.883242 -0.101842 -0.568772  0.552448 -1.981371  1.915755  0.076505 -1.270496  1.233082  1.493700  0.949931      1
1  pop.00099.au   78.302557     38     0.360462  0.138195        2765.747194         3222.713605  6873.391771            0.096015 -119.320605  85.941142  33.884536   9.990760  17.699190  0.516018  9.563375 -5.300430  4.168149  8.118337 -7.978898  1.566938 -2.932391 -1.609138 -0.200545 -2.429376  1.207988  5.848729  1.609469  7.580263      1
2  pop.00009.au  107.666016     50     0.454810  0.159711        3279.877315         3026.391118  6953.099622            0.172819  -35.277026  61.242109  14.066686  28.671014   4.330269 -1.355581 -0.792499  5.127178  5.358480  1.224073 -7.257869 -0.518891  0.212918 -1.294660 -0.105626 -1.245879 -2.528455  0.571032  1.569434 -1.724873      1
3  pop.00078.au  103.359375     52     0.454698  0.223419        3124.176350         2970.320532  6618.134981            0.142721  -42.757179  62.799474   4.760057  24.067691   9.642907 -1.888094  9.257873 -2.969175  3.182204  5.934099 -4.773778  3.020176 -1.242321 -3.524069 -0.325165 -1.443294 -1.864617 -0.031307 -0.729631 -0.987611      1
4  pop.00037.au  103.359375     51     0.451668  0.240985        3236.413205         2953.596262  6698.776160            0.164825    4.821123  64.495215  -2.505614  10.421444   3.245572  7.824910  3.103712  1.405171  6.745286  4.886029  3.275973  1.753352  3.336132  2.352307  1.428845 -0.604926 -2.185691 -1.602394 -0.612146 -4.050126      1
[ 2023-06-07 17:28:15,786 ] 30 root - INFO - Data Transformation initiated
[ 2023-06-07 17:28:15,786 ] 42 root - INFO - Pipeline Initiated
[ 2023-06-07 17:28:15,786 ] 65 root - INFO - Pipeline Completed
[ 2023-06-07 17:28:15,786 ] 85 root - INFO - Obtained preprocessing object
[ 2023-06-07 17:28:15,814 ] 106 root - INFO - Transformed training and testing datasets.
[ 2023-06-07 17:28:15,814 ] 120 root - INFO - Preprocessor pickle file saved
[ 2023-06-07 17:28:15,814 ] 33 root - INFO - Split Dependent and Independent variables from train and test data
[ 2023-06-07 17:28:25,723 ] 44 root - INFO - Model Training completed
[ 2023-06-07 17:28:25,794 ] 48 root - INFO - Training Accuracy: 0.15512510781562994
[ 2023-06-07 17:28:25,795 ] 50 root - INFO - Testing Accuracy: 0.821280038895344
